build/app/outputs/mapping/release/mapping.txt
# compiler: R8
# compiler_version: 1.5.64
# min_api: 16
# pg_map_id: cb2eae1
co.yousofsoft.yousofshop.MainActivity -> co.yousofsoft.yousofshop.MainActivity:
    void configureFlutterEngine(io.flutter.embedding.engine.FlutterEngine) -> a
...
io.flutter.embedding.android.AndroidKeyProcessor -> b.a.b.a.a:
    io.flutter.embedding.engine.systemchannels.KeyEventChannel keyEventChannel -> a
    int combiningCharacter -> c
    io.flutter.plugin.editing.TextInputPlugin textInputPlugin -> b
    java.lang.Character applyCombiningCharacterToBaseCharacter(int) -> a
    void onKeyDown(android.view.KeyEvent) -> a
    void onKeyUp(android.view.KeyEvent) -> b
io.flutter.embedding.android.AndroidTouchProcessor -> b.a.b.a.b:
    io.flutter.embedding.engine.renderer.FlutterRenderer renderer -> a
    void addPointerForIndex(android.view.MotionEvent,int,int,int,java.nio.ByteBuffer) -> a
    int getPointerChangeForAction(int) -> a
    boolean onGenericMotionEvent(android.view.MotionEvent) -> a
    int getPointerDeviceTypeForToolType(int) -> b
    boolean onTouchEvent(android.view.MotionEvent) -> b
io.flutter.embedding.android.DrawableSplashScreen -> b.a.b.a.c:
    android.widget.ImageView$ScaleType scaleType -> b
    io.flutter.embedding.android.DrawableSplashScreen$DrawableSplashScreenView splashView -> d
    long crossfadeDurationInMillis -> c
    android.graphics.drawable.Drawable drawable -> a
    android.view.View createSplashView(android.content.Context,android.os.Bundle) -> a
    boolean doesSplashViewRememberItsTransition() -> a
    void transitionToFlutter(java.lang.Runnable) -> a
    android.os.Bundle saveSplashScreenState() -> b
io.flutter.embedding.android.DrawableSplashScreen$1 -> b.a.b.a.c$a:
    java.lang.Runnable val$onTransitionComplete -> a
io.flutter.embedding.android.DrawableSplashScreen$DrawableSplashScreenView -> b.a.b.a.c$b:
    void setSplashDrawable(android.graphics.drawable.Drawable,android.widget.ImageView$ScaleType) -> a
io.flutter.embedding.android.FlutterActivity -> b.a.b.a.d:
    io.flutter.embedding.android.FlutterActivityAndFragmentDelegate delegate -> a
    androidx.lifecycle.LifecycleRegistry lifecycle -> b
    void onFlutterUiDisplayed() -> a
    io.flutter.embedding.engine.FlutterEngine provideFlutterEngine(android.content.Context) -> a
    io.flutter.plugin.platform.PlatformPlugin providePlatformPlugin(android.app.Activity,io.flutter.embedding.engine.FlutterEngine) -> a
    void cleanUpFlutterEngine(io.flutter.embedding.engine.FlutterEngine) -> b
    void onFlutterUiNoLongerDisplayed() -> b
    androidx.lifecycle.Lifecycle getLifecycle() -> c
    android.app.Activity getActivity() -> d
    java.lang.String getInitialRoute() -> e
    io.flutter.embedding.android.FlutterView$TransparencyMode getTransparencyMode() -> f
    io.flutter.embedding.engine.FlutterShellArgs getFlutterShellArgs() -> g
    java.lang.String getCachedEngineId() -> h
    java.lang.String getAppBundlePath() -> i
    java.lang.String getDartEntrypointFunctionName() -> j
    boolean shouldAttachEngineToActivity() -> k
    io.flutter.embedding.android.FlutterView$RenderMode getRenderMode() -> l
    boolean shouldDestroyEngineWithHost() -> m
    io.flutter.embedding.android.SplashScreen provideSplashScreen() -> n
    android.content.Context getContext() -> o
    io.flutter.embedding.android.FlutterActivityLaunchConfigs$BackgroundMode getBackgroundMode() -> p